
> sindre-esm@1.0.0 start
> tsx script.ts

Checking 825 repos for ESM support
✅ Percentage ESM Repos 90%
🚫 Percentage Non-ESM Repos 9%

✅ sindresorhus/add-asset-webpack-plugin
✅ sindresorhus/aggregate-error
✅ sindresorhus/alfred-emoj
✅ sindresorhus/alfred-npms
✅ sindresorhus/alfy
✅ sindresorhus/aliases
✅ sindresorhus/all-keys
✅ sindresorhus/alpha-sort
✅ sindresorhus/ansi-escapes
🚫 sindresorhus/any-observable
✅ sindresorhus/anybar
✅ sindresorhus/anybar-cli
✅ sindresorhus/app-exists
✅ sindresorhus/app-path
✅ sindresorhus/app-path-cli
✅ sindresorhus/archive-extensions
✅ sindresorhus/archs
✅ sindresorhus/arr-exclude
✅ sindresorhus/arr-include
✅ sindresorhus/array-differ
✅ sindresorhus/array-equal
🚫 sindresorhus/array-find-index
✅ sindresorhus/array-move
✅ sindresorhus/array-shuffle
✅ sindresorhus/array-union
✅ sindresorhus/array-uniq
✅ sindresorhus/arrify
✅ sindresorhus/auto-bind
✅ sindresorhus/awesome-lint
✅ sindresorhus/beeper
✅ sindresorhus/binary-extensions
✅ sindresorhus/binary-version
✅ sindresorhus/binary-version-check
✅ sindresorhus/binary-version-check-cli
✅ sindresorhus/binary-version-cli
✅ sindresorhus/bind-methods
✅ sindresorhus/boxen
✅ sindresorhus/boxen-cli
✅ sindresorhus/builtin-modules
✅ sindresorhus/bundle-id
✅ sindresorhus/bundle-id-cli
✅ sindresorhus/bundle-name
✅ sindresorhus/bundle-name-cli
✅ sindresorhus/caller-callsite
✅ sindresorhus/caller-path
✅ sindresorhus/callsites
✅ sindresorhus/camelcase
✅ sindresorhus/camelcase-keys
🚫 sindresorhus/caprine
✅ sindresorhus/capture-stack-trace
✅ sindresorhus/capture-website
✅ sindresorhus/capture-website-cli
✅ sindresorhus/cat-names
✅ sindresorhus/cat-pad
✅ sindresorhus/change-file-extension
✅ sindresorhus/chunkify
✅ sindresorhus/class-names
✅ sindresorhus/clean-stack
✅ sindresorhus/clear-cli
🚫 sindresorhus/clear-downloads
🚫 sindresorhus/clear-module
✅ sindresorhus/cli-boxes
✅ sindresorhus/cli-cursor
✅ sindresorhus/cli-spinners
✅ sindresorhus/cli-truncate
✅ sindresorhus/clipboard-cli
✅ sindresorhus/clipboardy
✅ sindresorhus/clone-regexp
✅ sindresorhus/clone-response
✅ sindresorhus/comment-regex
✅ sindresorhus/compare-urls
🚫 sindresorhus/component-emitter
🚫 sindresorhus/component-type
✅ sindresorhus/compressed-extensions
✅ sindresorhus/condense-whitespace
✅ sindresorhus/conduct
✅ sindresorhus/conf
✅ sindresorhus/convert-hrtime
✅ sindresorhus/copy-file
✅ sindresorhus/copy-text-to-clipboard
✅ sindresorhus/cows
✅ sindresorhus/cpy
✅ sindresorhus/cpy-cli
✅ sindresorhus/create-dmg
✅ sindresorhus/create-html-element
✅ sindresorhus/crypto-hash
✅ sindresorhus/crypto-random-string
✅ sindresorhus/current-path
✅ sindresorhus/current-path-cli
✅ sindresorhus/cycled
✅ sindresorhus/dargs
✅ sindresorhus/date-now-cli
✅ sindresorhus/date-time
🚫 sindresorhus/debounce
✅ sindresorhus/debounce-fn
✅ sindresorhus/decamelize
✅ sindresorhus/decamelize-keys
✅ sindresorhus/decircular
✅ sindresorhus/decompress-response
✅ sindresorhus/default-browser
✅ sindresorhus/default-browser-cli
✅ sindresorhus/default-browser-id
🚫 sindresorhus/default-require-extensions
✅ sindresorhus/default-shell
✅ sindresorhus/default-uid
✅ sindresorhus/define-lazy-prop
✅ sindresorhus/del
✅ sindresorhus/del-cli
✅ sindresorhus/delay
✅ sindresorhus/delay-cli
✅ sindresorhus/detect-indent
✅ sindresorhus/detect-indent-cli
✅ sindresorhus/detect-newline
✅ sindresorhus/detect-newline-cli
✅ sindresorhus/dev-null-cli
✅ sindresorhus/df
✅ sindresorhus/display-notification
✅ sindresorhus/djb2a
✅ sindresorhus/do-not-disturb-cli
✅ sindresorhus/dofle
✅ sindresorhus/dog-names
✅ sindresorhus/doge-seed-cli
✅ sindresorhus/dom-loaded
✅ sindresorhus/dom-mutations
🚫 sindresorhus/domify
✅ sindresorhus/dot-prop
✅ sindresorhus/downgrade-root
🚫 sindresorhus/each-async
✅ sindresorhus/easy-transform-stream
🚫 sindresorhus/electron-better-ipc
✅ sindresorhus/electron-context-menu
✅ sindresorhus/electron-debug
✅ sindresorhus/electron-dl
✅ sindresorhus/electron-is-dev
✅ sindresorhus/electron-main-fetch
🚫 sindresorhus/electron-reloader
✅ sindresorhus/electron-serve
✅ sindresorhus/electron-store
✅ sindresorhus/electron-timber
✅ sindresorhus/electron-unhandled
✅ sindresorhus/electron-util
✅ sindresorhus/elegant-spinner
✅ sindresorhus/element-ready
✅ sindresorhus/email-regex
✅ sindresorhus/emittery
✅ sindresorhus/emoj
✅ sindresorhus/empty-trash
✅ sindresorhus/empty-trash-cli
✅ sindresorhus/ensure-error
✅ sindresorhus/env-editor
✅ sindresorhus/env-paths
✅ sindresorhus/environment
✅ sindresorhus/error-dialog
✅ sindresorhus/esc-exit
✅ sindresorhus/escape-goat
✅ sindresorhus/escape-string-applescript
✅ sindresorhus/escape-string-regexp
✅ sindresorhus/eslint-formatter-pretty
🚫 sindresorhus/eslint-json
🚫 sindresorhus/eslint-plugin-unicorn
🚫 sindresorhus/eslint-tap
✅ sindresorhus/execa
✅ sindresorhus/execall
✅ sindresorhus/exit-hook
✅ sindresorhus/extract-stack
🚫 sindresorhus/fast-cli
✅ sindresorhus/figures
✅ sindresorhus/file-icon
✅ sindresorhus/file-icon-cli
✅ sindresorhus/file-metadata
✅ sindresorhus/file-type
✅ sindresorhus/file-type-cli
✅ sindresorhus/file-url
✅ sindresorhus/file-url-cli
✅ sindresorhus/file-uti
✅ sindresorhus/filename-reserved-regex
✅ sindresorhus/filenamify
✅ sindresorhus/filenamify-cli
✅ sindresorhus/filenamify-url
✅ sindresorhus/filled-array
✅ sindresorhus/filter-console
✅ sindresorhus/filter-obj
✅ sindresorhus/find-cache-dir
✅ sindresorhus/find-up
✅ sindresorhus/find-up-cli
✅ sindresorhus/find-up-simple
✅ sindresorhus/find-versions
✅ sindresorhus/find-versions-cli
✅ sindresorhus/finder-path
✅ sindresorhus/first-chunk-min-size-stream
✅ sindresorhus/first-chunk-stream
✅ sindresorhus/first-run
✅ sindresorhus/fix-path
✅ sindresorhus/fkill
✅ sindresorhus/fkill-cli
✅ sindresorhus/float-equal
✅ sindresorhus/fn-args
✅ sindresorhus/fn-name
✅ sindresorhus/fnv1a
✅ sindresorhus/fullname
✅ sindresorhus/fullname-cli
✅ sindresorhus/function-timeout
✅ sindresorhus/generate-github-markdown-css
🚫 sindresorhus/generator-nm
✅ sindresorhus/get-east-asian-width
✅ sindresorhus/get-emails
✅ sindresorhus/get-emails-cli
✅ sindresorhus/get-gravatar
✅ sindresorhus/get-grunt-tasks
✅ sindresorhus/get-gulp-tasks
✅ sindresorhus/get-own-enumerable-keys
✅ sindresorhus/get-port
✅ sindresorhus/get-port-cli
✅ sindresorhus/get-range
✅ sindresorhus/get-stdin
✅ sindresorhus/get-stream
✅ sindresorhus/get-urls
✅ sindresorhus/get-urls-cli
✅ sindresorhus/get-windows
✅ sindresorhus/gh-avatar
✅ sindresorhus/gh-got
✅ sindresorhus/gh-home
✅ sindresorhus/gh-latest-repos
✅ sindresorhus/gh-user
✅ sindresorhus/git-remote-origin-url
✅ sindresorhus/github-username
✅ sindresorhus/github-username-cli
✅ sindresorhus/global-directory
🚫 sindresorhus/globals
✅ sindresorhus/globby
🚫 sindresorhus/google-maps-heatmap-example
✅ sindresorhus/got
✅ sindresorhus/gravatar-url
🚫 sindresorhus/grunt-concurrent
🚫 sindresorhus/grunt-debug-files
🚫 sindresorhus/grunt-dependency-check
🚫 sindresorhus/grunt-electron
🚫 sindresorhus/grunt-eslint
🚫 sindresorhus/grunt-footer
🚫 sindresorhus/grunt-ftp
🚫 sindresorhus/grunt-header
🚫 sindresorhus/grunt-minify-html
🚫 sindresorhus/grunt-pageres
🚫 sindresorhus/grunt-php
🚫 sindresorhus/grunt-sass
🚫 sindresorhus/grunt-shell
🚫 sindresorhus/grunt-strip-css-comments
🚫 sindresorhus/grunt-strip-debug
🚫 sindresorhus/grunt-strip-json-comments
🚫 sindresorhus/grunt-svgmin
✅ sindresorhus/gulp-autoprefixer
✅ sindresorhus/gulp-bom
✅ sindresorhus/gulp-changed
✅ sindresorhus/gulp-chmod
✅ sindresorhus/gulp-chown
✅ sindresorhus/gulp-debug
✅ sindresorhus/gulp-filter
✅ sindresorhus/gulp-imagemin
🚫 sindresorhus/gulp-jasmine
✅ sindresorhus/gulp-jsvalidate
✅ sindresorhus/gulp-markdown
✅ sindresorhus/gulp-markdown-pdf
✅ sindresorhus/gulp-micro
✅ sindresorhus/gulp-mocha
✅ sindresorhus/gulp-nunjucks
🚫 sindresorhus/gulp-plugin-boilerplate
✅ sindresorhus/gulp-plugin-extras
✅ sindresorhus/gulp-rev
✅ sindresorhus/gulp-revert-path
✅ sindresorhus/gulp-size
✅ sindresorhus/gulp-strip-css-comments
✅ sindresorhus/gulp-strip-debug
✅ sindresorhus/gulp-strip-json-comments
✅ sindresorhus/gulp-tar
✅ sindresorhus/gulp-template
✅ sindresorhus/gulp-webp
✅ sindresorhus/gulp-zip
✅ sindresorhus/gzip-size
✅ sindresorhus/gzip-size-cli
🚫 sindresorhus/hard-rejection
✅ sindresorhus/has-dom
✅ sindresorhus/has-emoji
✅ sindresorhus/has-flag
✅ sindresorhus/has-own-prop
✅ sindresorhus/has-yarn
✅ sindresorhus/has-yarn-cli
✅ sindresorhus/hash-object
✅ sindresorhus/hasha
✅ sindresorhus/hasha-cli
✅ sindresorhus/hex-rgb
🚫 sindresorhus/hide-files-on-github
✅ sindresorhus/home-or-tmp
✅ sindresorhus/hook-std
✅ sindresorhus/html-tags
✅ sindresorhus/humanize-string
✅ sindresorhus/humanize-url
🚫 sindresorhus/hyper-hide-title
🚫 sindresorhus/hyper-snazzy
✅ sindresorhus/image-dimensions
✅ sindresorhus/image-type
🚫 sindresorhus/import-cwd
🚫 sindresorhus/import-fresh
🚫 sindresorhus/import-from
✅ sindresorhus/import-global
🚫 sindresorhus/import-lazy
🚫 sindresorhus/import-local
🚫 sindresorhus/import-modify
🚫 sindresorhus/import-modules
✅ sindresorhus/in-range
✅ sindresorhus/indent-string
✅ sindresorhus/indent-string-cli
✅ sindresorhus/index-to-position
✅ sindresorhus/ink-big-text
✅ sindresorhus/ink-gradient
✅ sindresorhus/ink-link
✅ sindresorhus/internal-ip
✅ sindresorhus/internal-ip-cli
✅ sindresorhus/into-stream
✅ sindresorhus/invert-kv
✅ sindresorhus/ip-regex
✅ sindresorhus/ipify
✅ sindresorhus/ipify-cli
✅ sindresorhus/irregular-plurals
✅ sindresorhus/is
✅ sindresorhus/is-absolute-url
✅ sindresorhus/is-admin
✅ sindresorhus/is-archive
✅ sindresorhus/is-array-sorted
✅ sindresorhus/is-binary-path
✅ sindresorhus/is-blob
✅ sindresorhus/is-bmp
✅ sindresorhus/is-builtin-module
✅ sindresorhus/is-camera-on-cli
✅ sindresorhus/is-compressed
✅ sindresorhus/is-docker
✅ sindresorhus/is-elevated
✅ sindresorhus/is-email-like
✅ sindresorhus/is-empty-iterable
✅ sindresorhus/is-epub
✅ sindresorhus/is-error-constructor
✅ sindresorhus/is-executable
✅ sindresorhus/is-fn
✅ sindresorhus/is-fullwidth-code-point
✅ sindresorhus/is-generator-fn
✅ sindresorhus/is-gif
✅ sindresorhus/is-github-down
✅ sindresorhus/is-heroku
✅ sindresorhus/is-html
✅ sindresorhus/is-hyper
✅ sindresorhus/is-image
✅ sindresorhus/is-in-ci
✅ sindresorhus/is-inside-container
✅ sindresorhus/is-installed-globally
✅ sindresorhus/is-interactive
✅ sindresorhus/is-ip
✅ sindresorhus/is-jpg
✅ sindresorhus/is-jxa
✅ sindresorhus/is-jxr
✅ sindresorhus/is-md
✅ sindresorhus/is-network-error
✅ sindresorhus/is-npm
✅ sindresorhus/is-npm-cli
✅ sindresorhus/is-obj
✅ sindresorhus/is-observable
✅ sindresorhus/is-online
✅ sindresorhus/is-online-cli
✅ sindresorhus/is-path-cwd
✅ sindresorhus/is-path-in-cwd
✅ sindresorhus/is-path-inside
✅ sindresorhus/is-plain-obj
✅ sindresorhus/is-png
✅ sindresorhus/is-port-reachable
✅ sindresorhus/is-progressive
✅ sindresorhus/is-progressive-cli
✅ sindresorhus/is-psd
✅ sindresorhus/is-public-domain
🚫 sindresorhus/is-reachable
✅ sindresorhus/is-redirect
✅ sindresorhus/is-regexp
✅ sindresorhus/is-relative-url
✅ sindresorhus/is-retry-allowed
✅ sindresorhus/is-root
✅ sindresorhus/is-root-path
✅ sindresorhus/is-scoped
✅ sindresorhus/is-stream
✅ sindresorhus/is-supported-regexp-flag
✅ sindresorhus/is-svg
✅ sindresorhus/is-text-path
✅ sindresorhus/is-tif
✅ sindresorhus/is-travis
✅ sindresorhus/is-unicode-supported
✅ sindresorhus/is-up
✅ sindresorhus/is-up-cli
✅ sindresorhus/is-url-superb
✅ sindresorhus/is-video
✅ sindresorhus/is-webp
✅ sindresorhus/is-wsl
✅ sindresorhus/is64bit
✅ sindresorhus/issue-regex
✅ sindresorhus/iterm2-version
✅ sindresorhus/js-types
✅ sindresorhus/jsftp-mkdirp
🚫 sindresorhus/jshint-stylish
✅ sindresorhus/junk
🚫 sindresorhus/kap-gifski
✅ sindresorhus/kill-tabs
✅ sindresorhus/known
✅ sindresorhus/ky
✅ sindresorhus/ky-universal
✅ sindresorhus/latest-semver
✅ sindresorhus/latest-version
✅ sindresorhus/latest-version-cli
✅ sindresorhus/lazy-value
✅ sindresorhus/lcid
✅ sindresorhus/leap-year
✅ sindresorhus/leven
✅ sindresorhus/leven-cli
✅ sindresorhus/line-column-path
✅ sindresorhus/linkify-issues
✅ sindresorhus/linkify-urls
🚫 sindresorhus/load-grunt-tasks
✅ sindresorhus/load-json-file
✅ sindresorhus/locate-path
✅ sindresorhus/lock-cli
✅ sindresorhus/lock-system
🚫 sindresorhus/log-globals
✅ sindresorhus/log-symbols
✅ sindresorhus/log-update
🚫 sindresorhus/loud-rejection
✅ sindresorhus/lowercase-keys
✅ sindresorhus/lpad
✅ sindresorhus/lungo-cli
✅ sindresorhus/macos-release
✅ sindresorhus/macos-version
✅ sindresorhus/macos-version-cli
✅ sindresorhus/magic-iterable
✅ sindresorhus/make-asynchronous
🚫 sindresorhus/make-dir
✅ sindresorhus/make-dir-cli
✅ sindresorhus/make-synchronous
✅ sindresorhus/manage-wifi
✅ sindresorhus/manage-wifi-cli
✅ sindresorhus/map-obj
✅ sindresorhus/mapcode
✅ sindresorhus/mapcode-regex
✅ sindresorhus/markdown-extensions
✅ sindresorhus/matcher
✅ sindresorhus/matcher-cli
✅ sindresorhus/math-average
✅ sindresorhus/math-clamp
✅ sindresorhus/math-sum
✅ sindresorhus/max-timeout
✅ sindresorhus/maxmin
✅ sindresorhus/md5-hex
✅ sindresorhus/memoize
✅ sindresorhus/meow
🚫 sindresorhus/merge-descriptors
✅ sindresorhus/merge-streams
🚫 sindresorhus/merge-windows
✅ sindresorhus/mimic-function
✅ sindresorhus/mimic-response
✅ sindresorhus/mnemonic-words
🚫 sindresorhus/modern-normalize
✅ sindresorhus/modify-filename
✅ sindresorhus/modify-keys
✅ sindresorhus/modify-values
🚫 sindresorhus/moflegame
✅ sindresorhus/month-days
✅ sindresorhus/move-file
✅ sindresorhus/move-file-cli
✅ sindresorhus/multimatch
✅ sindresorhus/ncname
✅ sindresorhus/neat-csv
✅ sindresorhus/negative-array
✅ sindresorhus/new-github-issue-url
✅ sindresorhus/new-github-release-url
✅ sindresorhus/newline-br
✅ sindresorhus/node-cli-boilerplate
✅ sindresorhus/node-dark-mode
✅ sindresorhus/node-defaults
✅ sindresorhus/node-env-webpack-plugin
✅ sindresorhus/node-is-camera-on
✅ sindresorhus/node-module-boilerplate
✅ sindresorhus/node-platforms
🚫 sindresorhus/node-status-codes
✅ sindresorhus/non-ascii
✅ sindresorhus/noop-cli
✅ sindresorhus/noop-process
✅ sindresorhus/noop-stream
✅ sindresorhus/normalize-newline
✅ sindresorhus/normalize-newline-cli
✅ sindresorhus/normalize-url
✅ sindresorhus/notifier-for-github
✅ sindresorhus/np
✅ sindresorhus/npm-email
✅ sindresorhus/npm-email-cli
✅ sindresorhus/npm-home
✅ sindresorhus/npm-keyword
✅ sindresorhus/npm-name
✅ sindresorhus/npm-name-cli
✅ sindresorhus/npm-run-path
✅ sindresorhus/npm-run-path-cli
✅ sindresorhus/npm-user
✅ sindresorhus/npm-user-cli
✅ sindresorhus/null-check
✅ sindresorhus/num-sort
✅ sindresorhus/number-is-float
🚫 sindresorhus/number-is-integer
🚫 sindresorhus/number-is-nan
🚫 sindresorhus/object-assign
🚫 sindresorhus/object-values
✅ sindresorhus/observable-to-promise
✅ sindresorhus/on-change
✅ sindresorhus/one-thing
✅ sindresorhus/onetime
✅ sindresorhus/open
✅ sindresorhus/open-cli
✅ sindresorhus/open-editor
✅ sindresorhus/open-editor-cli
✅ sindresorhus/open-shortcut
✅ sindresorhus/open-shortcut-cli
✅ sindresorhus/ora
✅ sindresorhus/os-locale
✅ sindresorhus/os-name
✅ sindresorhus/os-name-cli
✅ sindresorhus/ow
✅ sindresorhus/p-all
✅ sindresorhus/p-any
✅ sindresorhus/p-break
✅ sindresorhus/p-cancelable
✅ sindresorhus/p-catch-if
✅ sindresorhus/p-debounce
✅ sindresorhus/p-defer
✅ sindresorhus/p-do-whilst
✅ sindresorhus/p-each-series
✅ sindresorhus/p-event
✅ sindresorhus/p-filter
✅ sindresorhus/p-forever
✅ sindresorhus/p-if
✅ sindresorhus/p-immediate
✅ sindresorhus/p-is-promise
✅ sindresorhus/p-lazy
✅ sindresorhus/p-limit
✅ sindresorhus/p-locate
✅ sindresorhus/p-log
✅ sindresorhus/p-map
✅ sindresorhus/p-map-series
✅ sindresorhus/p-memoize
✅ sindresorhus/p-min-delay
✅ sindresorhus/p-mutex
✅ sindresorhus/p-pipe
✅ sindresorhus/p-progress
✅ sindresorhus/p-props
✅ sindresorhus/p-queue
✅ sindresorhus/p-race
✅ sindresorhus/p-reduce
✅ sindresorhus/p-reflect
✅ sindresorhus/p-retry
✅ sindresorhus/p-series
✅ sindresorhus/p-settle
✅ sindresorhus/p-some
✅ sindresorhus/p-state
✅ sindresorhus/p-tap
✅ sindresorhus/p-throttle
✅ sindresorhus/p-time
✅ sindresorhus/p-timeout
✅ sindresorhus/p-times
✅ sindresorhus/p-try
✅ sindresorhus/p-wait-for
✅ sindresorhus/p-waterfall
✅ sindresorhus/p-whilst
✅ sindresorhus/package-config
✅ sindresorhus/package-json
✅ sindresorhus/package-json-cli
✅ sindresorhus/package-up
✅ sindresorhus/pad-stdio
✅ sindresorhus/pad-stream
✅ sindresorhus/pageres
✅ sindresorhus/pageres-cli
✅ sindresorhus/parent-directories
✅ sindresorhus/parent-module
✅ sindresorhus/park-miller
✅ sindresorhus/parse-columns
✅ sindresorhus/parse-columns-cli
✅ sindresorhus/parse-help
✅ sindresorhus/parse-json
✅ sindresorhus/parse-ms
✅ sindresorhus/passwd-user
✅ sindresorhus/path-exists
✅ sindresorhus/path-exists-cli
✅ sindresorhus/path-key
✅ sindresorhus/path-type
✅ sindresorhus/php-server
✅ sindresorhus/pick-random
✅ sindresorhus/pick-random-cli
✅ sindresorhus/pid-port
✅ sindresorhus/pify
✅ sindresorhus/pkg-dir
✅ sindresorhus/pkg-dir-cli
✅ sindresorhus/pkg-versions
✅ sindresorhus/plash-cli
🚫 sindresorhus/playground
✅ sindresorhus/plur
🚫 sindresorhus/pokemon
✅ sindresorhus/pokemon-cli
✅ sindresorhus/prepend-http
✅ sindresorhus/presentable-error
✅ sindresorhus/pretty-bytes
✅ sindresorhus/pretty-bytes-cli
✅ sindresorhus/pretty-ms
🚫 sindresorhus/pretty-ms-cli
✅ sindresorhus/process-exists
✅ sindresorhus/protocolify
✅ sindresorhus/prototype-properties
✅ sindresorhus/ps-list
✅ sindresorhus/public-ip
✅ sindresorhus/public-ip-cli
✅ sindresorhus/pupa
✅ sindresorhus/pupa-cli
✅ sindresorhus/query-string
✅ sindresorhus/quick-lru
🚫 sindresorhus/quora-unblocker
🚫 sindresorhus/quora-unblocker-userscript
✅ sindresorhus/random-bytes-readable-stream
✅ sindresorhus/random-float
✅ sindresorhus/random-int
✅ sindresorhus/random-item
✅ sindresorhus/random-obj-prop
✅ sindresorhus/random-object-key
✅ sindresorhus/random-word
✅ sindresorhus/random-word-cli
✅ sindresorhus/randoma
✅ sindresorhus/react-extras
🚫 sindresorhus/react-router-util
✅ sindresorhus/read-chunk
✅ sindresorhus/read-package-up
✅ sindresorhus/read-pkg
✅ sindresorhus/realpath
✅ sindresorhus/redent
✅ sindresorhus/registry-url
✅ sindresorhus/remark-custom-header-id
✅ sindresorhus/remote-git-tags
✅ sindresorhus/rename-fn
✅ sindresorhus/repeating
✅ sindresorhus/repeating-cli
✅ sindresorhus/replace-in-files-cli
✅ sindresorhus/replace-string
✅ sindresorhus/request-animation-frames
🚫 sindresorhus/resolve-cwd
🚫 sindresorhus/resolve-from
✅ sindresorhus/resolve-global
🚫 sindresorhus/resolve-pkg
✅ sindresorhus/responselike
✅ sindresorhus/restore-cursor
✅ sindresorhus/rev-file
✅ sindresorhus/rev-hash
✅ sindresorhus/rev-path
✅ sindresorhus/rgb-hex
✅ sindresorhus/rgb-hex-cli
✅ sindresorhus/root-check
✅ sindresorhus/round-to
✅ sindresorhus/router-ips
✅ sindresorhus/run-applescript
✅ sindresorhus/run-electron
✅ sindresorhus/run-jxa
✅ sindresorhus/safe-stringify
✅ sindresorhus/scoped-regex
✅ sindresorhus/sdbm
✅ sindresorhus/sec
✅ sindresorhus/self-path
✅ sindresorhus/semver-diff
✅ sindresorhus/semver-regex
✅ sindresorhus/semver-truncate
✅ sindresorhus/serialize-error
✅ sindresorhus/set-immediate-shim
✅ sindresorhus/set-map
✅ sindresorhus/shebang-regex
✅ sindresorhus/shell-env
✅ sindresorhus/shell-history
✅ sindresorhus/shell-path
✅ sindresorhus/shortcut-url
✅ sindresorhus/shortcut-url-cli
🚫 sindresorhus/show-all-github-issues
✅ sindresorhus/simplify-ranges
✅ sindresorhus/sindre-playground
✅ sindresorhus/sindresorhus-cli
🚫 sindresorhus/sketch-icon-preview
✅ sindresorhus/skin-tone
✅ sindresorhus/slash
✅ sindresorhus/sleep-synchronously
✅ sindresorhus/slugify
✅ sindresorhus/slugify-cli
✅ sindresorhus/somebody
✅ sindresorhus/sort-keys
✅ sindresorhus/sort-on
✅ sindresorhus/source-map-to-comment
✅ sindresorhus/sparkly
✅ sindresorhus/sparkly-cli
🚫 sindresorhus/spdx-license-list
🚫 sindresorhus/spectron-issue-282-testcase
✅ sindresorhus/speed-test
✅ sindresorhus/splice-string
✅ sindresorhus/split-at
✅ sindresorhus/split-lines
✅ sindresorhus/split-on-first
✅ sindresorhus/srcset
✅ sindresorhus/stable-function
✅ sindresorhus/stdin-discarder
🚫 sindresorhus/strict-import
✅ sindresorhus/string-hash
✅ sindresorhus/string-length
✅ sindresorhus/string-width
✅ sindresorhus/string-width-cli
✅ sindresorhus/stringify-attributes
✅ sindresorhus/strip-bom
✅ sindresorhus/strip-bom-buf
✅ sindresorhus/strip-bom-cli
✅ sindresorhus/strip-bom-stream
✅ sindresorhus/strip-css-comments-cli
✅ sindresorhus/strip-debug
✅ sindresorhus/strip-debug-cli
✅ sindresorhus/strip-final-newline
✅ sindresorhus/strip-indent
✅ sindresorhus/strip-indent-cli
✅ sindresorhus/strip-json-comments
✅ sindresorhus/strip-json-comments-cli
✅ sindresorhus/strip-outer
✅ sindresorhus/strip-path
✅ sindresorhus/strip-shebang
✅ sindresorhus/strip-url-auth
✅ sindresorhus/subsume
✅ sindresorhus/sudo-block
✅ sindresorhus/super-regex
✅ sindresorhus/superb
✅ sindresorhus/superb-cli
✅ sindresorhus/superheroes
✅ sindresorhus/superheroes-cli
✅ sindresorhus/supervillains
✅ sindresorhus/supervillains-cli
✅ sindresorhus/system-architecture
✅ sindresorhus/taskkill
✅ sindresorhus/tasklist
✅ sindresorhus/temp-dir
✅ sindresorhus/temp-write
✅ sindresorhus/tempfile
✅ sindresorhus/temporary-path
✅ sindresorhus/tempy
✅ sindresorhus/term-img
✅ sindresorhus/term-img-cli
✅ sindresorhus/terminal-image
✅ sindresorhus/terminal-image-cli
✅ sindresorhus/terminal-link
✅ sindresorhus/terminal-link-cli
✅ sindresorhus/terminal-size
✅ sindresorhus/terminal-size-cli
✅ sindresorhus/text-extensions
🚫 sindresorhus/throttleit
✅ sindresorhus/tildify
✅ sindresorhus/time-span
✅ sindresorhus/time-zone
✅ sindresorhus/timed-out
✅ sindresorhus/titleize
✅ sindresorhus/tmpin
✅ sindresorhus/to-double-quotes
✅ sindresorhus/to-double-quotes-cli
✅ sindresorhus/to-fast-properties
✅ sindresorhus/to-milliseconds
✅ sindresorhus/to-readable-stream
✅ sindresorhus/to-semver
✅ sindresorhus/to-single-quotes
✅ sindresorhus/to-single-quotes-cli
✅ sindresorhus/transliterate
✅ sindresorhus/trash
✅ sindresorhus/trash-cli
✅ sindresorhus/trayballoon
✅ sindresorhus/trim-newlines
✅ sindresorhus/trim-repeated
✅ sindresorhus/truncate-url
✅ sindresorhus/ts-extras
🚫 sindresorhus/type-fest
✅ sindresorhus/ua-string
✅ sindresorhus/uint8array-extras
✅ sindresorhus/unicode-escapes
✅ sindresorhus/unicorn-magic
✅ sindresorhus/unique-random
✅ sindresorhus/unique-random-array
✅ sindresorhus/unique-string
✅ sindresorhus/unix-path-max
✅ sindresorhus/unstated-debug
✅ sindresorhus/untildify
✅ sindresorhus/unused-filename
✅ sindresorhus/url-format-lax
✅ sindresorhus/url-parse-lax
✅ sindresorhus/urls-md
✅ sindresorhus/user-home-cli
✅ sindresorhus/username
✅ sindresorhus/username-cli
✅ sindresorhus/uti-cli
✅ sindresorhus/vaca
✅ sindresorhus/valid-filename
✅ sindresorhus/validate-element-name
✅ sindresorhus/video-extensions
✅ sindresorhus/vinyl-file
✅ sindresorhus/vinyl-paths
✅ sindresorhus/wait-for-localhost
✅ sindresorhus/wait-for-localhost-cli
✅ sindresorhus/wallpaper
✅ sindresorhus/wallpaper-cli
✅ sindresorhus/widest-line
✅ sindresorhus/windows-cli
✅ sindresorhus/windows-release
✅ sindresorhus/word-list
✅ sindresorhus/word-stream
✅ sindresorhus/write-json-file
✅ sindresorhus/write-package
✅ sindresorhus/xbar
✅ sindresorhus/xdg-basedir
✅ sindresorhus/xml-char-classes
✅ sindresorhus/xterm-colors
✅ sindresorhus/year-days
✅ sindresorhus/yes-no-words
✅ sindresorhus/yn
✅ sindresorhus/yocto-queue
✅ sindresorhus/yoctocolors
✅ sindresorhus/yoctodelay
